<?xml version="1.0" encoding="UTF-8"?>
<testsuite name="i_introduction._0_Hello_World._00_Start" tests="1" skipped="0" failures="1" errors="0" timestamp="2016-10-15T20:57:27" hostname="phoenix" time="0.014">
  <properties/>
  <testcase name="testOk" classname="i_introduction._0_Hello_World._00_Start" time="0.014">
    <failure message="util.NotImplementedException: TODO: &#10;        Introduction:&#10;&#10;        Workshop tasks are usually to change the function 'taskN' by replacing its body&#10;        (which starts out as the function invocation 'todoTaskN()'), with the correct code according to the problem.&#10;        The function 'todoTaskN()' throws an exception, so you usually have to replace that invocation with&#10;        meaningful code.&#10;&#10;        Using 'documentation' argument you can open the related part of Kotlin online documentation.&#10;        Press 'F1' (Quick Documentation) on 'doc0()', &quot;See also&quot; section gives you a link.&#10;&#10;        Using 'references' you can usually navigate and see the code mentioned in the task description.&#10;&#10;        To start please make the function 'task0' return &quot;OK&quot;.&#10;    " type="util.NotImplementedException">util.NotImplementedException: TODO: 
        Introduction:

        Workshop tasks are usually to change the function 'taskN' by replacing its body
        (which starts out as the function invocation 'todoTaskN()'), with the correct code according to the problem.
        The function 'todoTaskN()' throws an exception, so you usually have to replace that invocation with
        meaningful code.

        Using 'documentation' argument you can open the related part of Kotlin online documentation.
        Press 'F1' (Quick Documentation) on 'doc0()', &quot;See also&quot; section gives you a link.

        Using 'references' you can usually navigate and see the code mentioned in the task description.

        To start please make the function 'task0' return &quot;OK&quot;.
    
	at util.KotlinUtilKt.TODO(kotlinUtil.kt:4)
	at i_introduction._0_Hello_World.HelloWorldKt.todoTask0(HelloWorld.kt:6)
	at i_introduction._0_Hello_World.HelloWorldKt.task0(HelloWorld.kt:27)
	at i_introduction._0_Hello_World._00_Start.testOk(_00_Start.kt:8)
	at sun.reflect.NativeMethodAccessorImpl.invoke0(Native Method)
	at sun.reflect.NativeMethodAccessorImpl.invoke(NativeMethodAccessorImpl.java:62)
	at sun.reflect.DelegatingMethodAccessorImpl.invoke(DelegatingMethodAccessorImpl.java:43)
	at java.lang.reflect.Method.invoke(Method.java:498)
	at org.junit.runners.model.FrameworkMethod$1.runReflectiveCall(FrameworkMethod.java:50)
	at org.junit.internal.runners.model.ReflectiveCallable.run(ReflectiveCallable.java:12)
	at org.junit.runners.model.FrameworkMethod.invokeExplosively(FrameworkMethod.java:47)
	at org.junit.internal.runners.statements.InvokeMethod.evaluate(InvokeMethod.java:17)
	at org.junit.runners.ParentRunner.runLeaf(ParentRunner.java:325)
	at org.junit.runners.BlockJUnit4ClassRunner.runChild(BlockJUnit4ClassRunner.java:78)
	at org.junit.runners.BlockJUnit4ClassRunner.runChild(BlockJUnit4ClassRunner.java:57)
	at org.junit.runners.ParentRunner$3.run(ParentRunner.java:290)
	at org.junit.runners.ParentRunner$1.schedule(ParentRunner.java:71)
	at org.junit.runners.ParentRunner.runChildren(ParentRunner.java:288)
	at org.junit.runners.ParentRunner.access$000(ParentRunner.java:58)
	at org.junit.runners.ParentRunner$2.evaluate(ParentRunner.java:268)
	at org.junit.runners.ParentRunner.run(ParentRunner.java:363)
	at org.gradle.api.internal.tasks.testing.junit.JUnitTestClassExecuter.runTestClass(JUnitTestClassExecuter.java:114)
	at org.gradle.api.internal.tasks.testing.junit.JUnitTestClassExecuter.execute(JUnitTestClassExecuter.java:57)
	at org.gradle.api.internal.tasks.testing.junit.JUnitTestClassProcessor.processTestClass(JUnitTestClassProcessor.java:66)
	at org.gradle.api.internal.tasks.testing.SuiteTestClassProcessor.processTestClass(SuiteTestClassProcessor.java:51)
	at sun.reflect.NativeMethodAccessorImpl.invoke0(Native Method)
	at sun.reflect.NativeMethodAccessorImpl.invoke(NativeMethodAccessorImpl.java:62)
	at sun.reflect.DelegatingMethodAccessorImpl.invoke(DelegatingMethodAccessorImpl.java:43)
	at java.lang.reflect.Method.invoke(Method.java:498)
	at org.gradle.internal.dispatch.ReflectionDispatch.dispatch(ReflectionDispatch.java:35)
	at org.gradle.internal.dispatch.ReflectionDispatch.dispatch(ReflectionDispatch.java:24)
	at org.gradle.internal.dispatch.ContextClassLoaderDispatch.dispatch(ContextClassLoaderDispatch.java:32)
	at org.gradle.internal.dispatch.ProxyDispatchAdapter$DispatchingInvocationHandler.invoke(ProxyDispatchAdapter.java:93)
	at com.sun.proxy.$Proxy2.processTestClass(Unknown Source)
	at org.gradle.api.internal.tasks.testing.worker.TestWorker.processTestClass(TestWorker.java:109)
	at sun.reflect.NativeMethodAccessorImpl.invoke0(Native Method)
	at sun.reflect.NativeMethodAccessorImpl.invoke(NativeMethodAccessorImpl.java:62)
	at sun.reflect.DelegatingMethodAccessorImpl.invoke(DelegatingMethodAccessorImpl.java:43)
	at java.lang.reflect.Method.invoke(Method.java:498)
	at org.gradle.internal.dispatch.ReflectionDispatch.dispatch(ReflectionDispatch.java:35)
	at org.gradle.internal.dispatch.ReflectionDispatch.dispatch(ReflectionDispatch.java:24)
	at org.gradle.internal.remote.internal.hub.MessageHub$Handler.run(MessageHub.java:377)
	at org.gradle.internal.concurrent.ExecutorPolicy$CatchAndRecordFailures.onExecute(ExecutorPolicy.java:54)
	at org.gradle.internal.concurrent.StoppableExecutorImpl$1.run(StoppableExecutorImpl.java:40)
	at java.util.concurrent.ThreadPoolExecutor.runWorker(ThreadPoolExecutor.java:1142)
	at java.util.concurrent.ThreadPoolExecutor$Worker.run(ThreadPoolExecutor.java:617)
	at java.lang.Thread.run(Thread.java:745)
</failure>
  </testcase>
  <system-out><![CDATA[]]></system-out>
  <system-err><![CDATA[]]></system-err>
</testsuite>
