<?xml version="1.0" encoding="UTF-8"?>
<testsuite name="v_builders._39_Html_Builders" tests="2" skipped="0" failures="2" errors="0" timestamp="2016-10-15T20:57:27" hostname="phoenix" time="0.008">
  <properties/>
  <testcase name="productTableIsColored" classname="v_builders._39_Html_Builders" time="0.008">
    <failure message="util.NotImplementedException: TODO: &#10;        Task 39.&#10;        1) Fill the table with the proper values from products.&#10;        2) Color the table like a chess board (using getTitleColor() and getCellColor() functions above).&#10;        Pass a color as an argument to functions 'tr', 'td'.&#10;        You can run the 'Html Demo' configuration in IntelliJ IDEA to see the rendered table.&#10;    " type="util.NotImplementedException">util.NotImplementedException: TODO: 
        Task 39.
        1) Fill the table with the proper values from products.
        2) Color the table like a chess board (using getTitleColor() and getCellColor() functions above).
        Pass a color as an argument to functions 'tr', 'td'.
        You can run the 'Html Demo' configuration in IntelliJ IDEA to see the rendered table.
    
	at util.KotlinUtilKt.TODO(kotlinUtil.kt:4)
	at v_builders._39_HtmlBuildersKt.todoTask39(_39_HtmlBuilders.kt:11)
	at v_builders._39_HtmlBuildersKt$renderProductTable$1$1.invoke(_39_HtmlBuilders.kt:37)
	at v_builders._39_HtmlBuildersKt$renderProductTable$1$1.invoke(_39_HtmlBuilders.kt)
	at v_builders.htmlLibrary.HtmlKt.doInit(html.kt:29)
	at v_builders.htmlLibrary.HtmlKt.table(html.kt:45)
	at v_builders._39_HtmlBuildersKt$renderProductTable$1.invoke(_39_HtmlBuilders.kt:24)
	at v_builders._39_HtmlBuildersKt$renderProductTable$1.invoke(_39_HtmlBuilders.kt)
	at v_builders.htmlLibrary.HtmlKt.html(html.kt:43)
	at v_builders._39_HtmlBuildersKt.renderProductTable(_39_HtmlBuilders.kt:23)
	at v_builders._39_Html_Builders.productTableIsColored(_39_Html_Builders.kt:13)
	at sun.reflect.NativeMethodAccessorImpl.invoke0(Native Method)
	at sun.reflect.NativeMethodAccessorImpl.invoke(NativeMethodAccessorImpl.java:62)
	at sun.reflect.DelegatingMethodAccessorImpl.invoke(DelegatingMethodAccessorImpl.java:43)
	at java.lang.reflect.Method.invoke(Method.java:498)
	at org.junit.runners.model.FrameworkMethod$1.runReflectiveCall(FrameworkMethod.java:50)
	at org.junit.internal.runners.model.ReflectiveCallable.run(ReflectiveCallable.java:12)
	at org.junit.runners.model.FrameworkMethod.invokeExplosively(FrameworkMethod.java:47)
	at org.junit.internal.runners.statements.InvokeMethod.evaluate(InvokeMethod.java:17)
	at org.junit.runners.ParentRunner.runLeaf(ParentRunner.java:325)
	at org.junit.runners.BlockJUnit4ClassRunner.runChild(BlockJUnit4ClassRunner.java:78)
	at org.junit.runners.BlockJUnit4ClassRunner.runChild(BlockJUnit4ClassRunner.java:57)
	at org.junit.runners.ParentRunner$3.run(ParentRunner.java:290)
	at org.junit.runners.ParentRunner$1.schedule(ParentRunner.java:71)
	at org.junit.runners.ParentRunner.runChildren(ParentRunner.java:288)
	at org.junit.runners.ParentRunner.access$000(ParentRunner.java:58)
	at org.junit.runners.ParentRunner$2.evaluate(ParentRunner.java:268)
	at org.junit.runners.ParentRunner.run(ParentRunner.java:363)
	at org.gradle.api.internal.tasks.testing.junit.JUnitTestClassExecuter.runTestClass(JUnitTestClassExecuter.java:114)
	at org.gradle.api.internal.tasks.testing.junit.JUnitTestClassExecuter.execute(JUnitTestClassExecuter.java:57)
	at org.gradle.api.internal.tasks.testing.junit.JUnitTestClassProcessor.processTestClass(JUnitTestClassProcessor.java:66)
	at org.gradle.api.internal.tasks.testing.SuiteTestClassProcessor.processTestClass(SuiteTestClassProcessor.java:51)
	at sun.reflect.GeneratedMethodAccessor8.invoke(Unknown Source)
	at sun.reflect.DelegatingMethodAccessorImpl.invoke(DelegatingMethodAccessorImpl.java:43)
	at java.lang.reflect.Method.invoke(Method.java:498)
	at org.gradle.internal.dispatch.ReflectionDispatch.dispatch(ReflectionDispatch.java:35)
	at org.gradle.internal.dispatch.ReflectionDispatch.dispatch(ReflectionDispatch.java:24)
	at org.gradle.internal.dispatch.ContextClassLoaderDispatch.dispatch(ContextClassLoaderDispatch.java:32)
	at org.gradle.internal.dispatch.ProxyDispatchAdapter$DispatchingInvocationHandler.invoke(ProxyDispatchAdapter.java:93)
	at com.sun.proxy.$Proxy2.processTestClass(Unknown Source)
	at org.gradle.api.internal.tasks.testing.worker.TestWorker.processTestClass(TestWorker.java:109)
	at sun.reflect.GeneratedMethodAccessor7.invoke(Unknown Source)
	at sun.reflect.DelegatingMethodAccessorImpl.invoke(DelegatingMethodAccessorImpl.java:43)
	at java.lang.reflect.Method.invoke(Method.java:498)
	at org.gradle.internal.dispatch.ReflectionDispatch.dispatch(ReflectionDispatch.java:35)
	at org.gradle.internal.dispatch.ReflectionDispatch.dispatch(ReflectionDispatch.java:24)
	at org.gradle.internal.remote.internal.hub.MessageHub$Handler.run(MessageHub.java:377)
	at org.gradle.internal.concurrent.ExecutorPolicy$CatchAndRecordFailures.onExecute(ExecutorPolicy.java:54)
	at org.gradle.internal.concurrent.StoppableExecutorImpl$1.run(StoppableExecutorImpl.java:40)
	at java.util.concurrent.ThreadPoolExecutor.runWorker(ThreadPoolExecutor.java:1142)
	at java.util.concurrent.ThreadPoolExecutor$Worker.run(ThreadPoolExecutor.java:617)
	at java.lang.Thread.run(Thread.java:745)
</failure>
  </testcase>
  <testcase name="productTableIsFilled" classname="v_builders._39_Html_Builders" time="0.0">
    <failure message="util.NotImplementedException: TODO: &#10;        Task 39.&#10;        1) Fill the table with the proper values from products.&#10;        2) Color the table like a chess board (using getTitleColor() and getCellColor() functions above).&#10;        Pass a color as an argument to functions 'tr', 'td'.&#10;        You can run the 'Html Demo' configuration in IntelliJ IDEA to see the rendered table.&#10;    " type="util.NotImplementedException">util.NotImplementedException: TODO: 
        Task 39.
        1) Fill the table with the proper values from products.
        2) Color the table like a chess board (using getTitleColor() and getCellColor() functions above).
        Pass a color as an argument to functions 'tr', 'td'.
        You can run the 'Html Demo' configuration in IntelliJ IDEA to see the rendered table.
    
	at util.KotlinUtilKt.TODO(kotlinUtil.kt:4)
	at v_builders._39_HtmlBuildersKt.todoTask39(_39_HtmlBuilders.kt:11)
	at v_builders._39_HtmlBuildersKt$renderProductTable$1$1.invoke(_39_HtmlBuilders.kt:37)
	at v_builders._39_HtmlBuildersKt$renderProductTable$1$1.invoke(_39_HtmlBuilders.kt)
	at v_builders.htmlLibrary.HtmlKt.doInit(html.kt:29)
	at v_builders.htmlLibrary.HtmlKt.table(html.kt:45)
	at v_builders._39_HtmlBuildersKt$renderProductTable$1.invoke(_39_HtmlBuilders.kt:24)
	at v_builders._39_HtmlBuildersKt$renderProductTable$1.invoke(_39_HtmlBuilders.kt)
	at v_builders.htmlLibrary.HtmlKt.html(html.kt:43)
	at v_builders._39_HtmlBuildersKt.renderProductTable(_39_HtmlBuilders.kt:23)
	at v_builders._39_Html_Builders.productTableIsFilled(_39_Html_Builders.kt:8)
	at sun.reflect.NativeMethodAccessorImpl.invoke0(Native Method)
	at sun.reflect.NativeMethodAccessorImpl.invoke(NativeMethodAccessorImpl.java:62)
	at sun.reflect.DelegatingMethodAccessorImpl.invoke(DelegatingMethodAccessorImpl.java:43)
	at java.lang.reflect.Method.invoke(Method.java:498)
	at org.junit.runners.model.FrameworkMethod$1.runReflectiveCall(FrameworkMethod.java:50)
	at org.junit.internal.runners.model.ReflectiveCallable.run(ReflectiveCallable.java:12)
	at org.junit.runners.model.FrameworkMethod.invokeExplosively(FrameworkMethod.java:47)
	at org.junit.internal.runners.statements.InvokeMethod.evaluate(InvokeMethod.java:17)
	at org.junit.runners.ParentRunner.runLeaf(ParentRunner.java:325)
	at org.junit.runners.BlockJUnit4ClassRunner.runChild(BlockJUnit4ClassRunner.java:78)
	at org.junit.runners.BlockJUnit4ClassRunner.runChild(BlockJUnit4ClassRunner.java:57)
	at org.junit.runners.ParentRunner$3.run(ParentRunner.java:290)
	at org.junit.runners.ParentRunner$1.schedule(ParentRunner.java:71)
	at org.junit.runners.ParentRunner.runChildren(ParentRunner.java:288)
	at org.junit.runners.ParentRunner.access$000(ParentRunner.java:58)
	at org.junit.runners.ParentRunner$2.evaluate(ParentRunner.java:268)
	at org.junit.runners.ParentRunner.run(ParentRunner.java:363)
	at org.gradle.api.internal.tasks.testing.junit.JUnitTestClassExecuter.runTestClass(JUnitTestClassExecuter.java:114)
	at org.gradle.api.internal.tasks.testing.junit.JUnitTestClassExecuter.execute(JUnitTestClassExecuter.java:57)
	at org.gradle.api.internal.tasks.testing.junit.JUnitTestClassProcessor.processTestClass(JUnitTestClassProcessor.java:66)
	at org.gradle.api.internal.tasks.testing.SuiteTestClassProcessor.processTestClass(SuiteTestClassProcessor.java:51)
	at sun.reflect.GeneratedMethodAccessor8.invoke(Unknown Source)
	at sun.reflect.DelegatingMethodAccessorImpl.invoke(DelegatingMethodAccessorImpl.java:43)
	at java.lang.reflect.Method.invoke(Method.java:498)
	at org.gradle.internal.dispatch.ReflectionDispatch.dispatch(ReflectionDispatch.java:35)
	at org.gradle.internal.dispatch.ReflectionDispatch.dispatch(ReflectionDispatch.java:24)
	at org.gradle.internal.dispatch.ContextClassLoaderDispatch.dispatch(ContextClassLoaderDispatch.java:32)
	at org.gradle.internal.dispatch.ProxyDispatchAdapter$DispatchingInvocationHandler.invoke(ProxyDispatchAdapter.java:93)
	at com.sun.proxy.$Proxy2.processTestClass(Unknown Source)
	at org.gradle.api.internal.tasks.testing.worker.TestWorker.processTestClass(TestWorker.java:109)
	at sun.reflect.GeneratedMethodAccessor7.invoke(Unknown Source)
	at sun.reflect.DelegatingMethodAccessorImpl.invoke(DelegatingMethodAccessorImpl.java:43)
	at java.lang.reflect.Method.invoke(Method.java:498)
	at org.gradle.internal.dispatch.ReflectionDispatch.dispatch(ReflectionDispatch.java:35)
	at org.gradle.internal.dispatch.ReflectionDispatch.dispatch(ReflectionDispatch.java:24)
	at org.gradle.internal.remote.internal.hub.MessageHub$Handler.run(MessageHub.java:377)
	at org.gradle.internal.concurrent.ExecutorPolicy$CatchAndRecordFailures.onExecute(ExecutorPolicy.java:54)
	at org.gradle.internal.concurrent.StoppableExecutorImpl$1.run(StoppableExecutorImpl.java:40)
	at java.util.concurrent.ThreadPoolExecutor.runWorker(ThreadPoolExecutor.java:1142)
	at java.util.concurrent.ThreadPoolExecutor$Worker.run(ThreadPoolExecutor.java:617)
	at java.lang.Thread.run(Thread.java:745)
</failure>
  </testcase>
  <system-out><![CDATA[]]></system-out>
  <system-err><![CDATA[]]></system-err>
</testsuite>
